<?xml version="1.0" encoding="UTF-8"?>
<!-- Generated by org.testng.reporters.JUnitReportReporter -->
<testsuite hostname="LAPTOP-DUM4IR2U" failures="0" tests="2" name="appium_framework.MobileTesting" time="71.215" errors="0" timestamp="2022-06-21T20:59:55 IST" skipped="0">
  <testcase classname="appium_framework.MobileTesting" name="scrollToBottom" time="47.635"/>
  <testcase classname="appium_framework.MobileTesting" name="swipeRightToLeft" time="23.580"/>
</testsuite> <!-- appium_framework.MobileTesting -->
